<?xml version="1.0" encoding="UTF-8"?>
<!-- Generated by org.testng.reporters.JUnitReportReporter -->
<testsuite hostname="BDC7-D-5W3NXH2" failures="0" tests="1" name="com.tests.searchFlights" time="12.226" errors="0" timestamp="19 May 2018 08:01:21 GMT" skipped="0">
  <testcase classname="com.tests.searchFlights" name="flights" time="12.226"/>
</testsuite> <!-- com.tests.searchFlights -->
