<?xml version="1.0" encoding="UTF-8"?>
<!-- Generated by org.testng.reporters.JUnitReportReporter -->
<testsuite hostname="BDC7-D-5W3NXH2" failures="0" tests="6" name="com.tests.NewTest" time="59.364" errors="0" timestamp="20 May 2018 06:53:33 GMT" skipped="0">
  <testcase classname="com.tests.NewTest" name="testMercuryToursWelcome" time="10.097"/>
  <testcase classname="com.tests.NewTest" name="testMercuryToursWelcome" time="17.426"/>
  <testcase classname="com.tests.NewTest" name="testMercuryToursRegister" time="19.395"/>
  <testcase classname="com.tests.NewTest" name="testMercuryToursRegister" time="3.905"/>
  <testcase classname="com.tests.NewTest" name="testMercuryToursLogin" time="4.386"/>
  <testcase classname="com.tests.NewTest" name="testMercuryToursLogin" time="4.155"/>
</testsuite> <!-- com.tests.NewTest -->
