<?xml version="1.0" encoding="UTF-8"?>
<!-- Generated by org.testng.reporters.JUnitReportReporter -->
<testsuite hostname="BDC7-D-5W3NXH2" failures="0" tests="1" name="com.tests.NewTest4" time="19.957" errors="0" timestamp="19 May 2018 10:19:27 GMT" skipped="0">
  <testcase classname="com.tests.NewTest4" name="testHDFC" time="19.957"/>
</testsuite> <!-- com.tests.NewTest4 -->
