<?xml version="1.0" encoding="UTF-8"?>
<!-- Generated by org.testng.reporters.JUnitReportReporter -->
<testsuite hostname="BDC7-D-5W3NXH2" failures="0" tests="1" name="com.tests.NewTest1" time="12.364" errors="0" timestamp="19 May 2018 06:08:11 GMT" skipped="0">
  <testcase classname="com.tests.NewTest1" name="testHdfc" time="12.364"/>
</testsuite> <!-- com.tests.NewTest1 -->
